<?xml version="1.0" encoding="UTF-8"?>
<!-- Generated by org.testng.reporters.JUnitXMLReporter -->
<testsuite ignored="0" hostname="TS" failures="0" tests="3" name="Test" time="23.702" errors="0" timestamp="2020-12-22T11:37:04 PST">
  <testcase classname="testscripts.HomePageTest" name="test2" time="0.171"/>
  <testcase classname="testscripts.AddTaskTest" name="testAddTask" time="3.211"/>
  <testcase classname="testscripts.HomePageTest" name="testHomePageLoad" time="0.407"/>
</testsuite> <!-- Test -->
