<?xml version="1.0" encoding="UTF-8"?>
<!-- Generated by org.testng.reporters.JUnitXMLReporter -->
<testsuite ignored="0" hostname="TS" failures="0" tests="3" name="Test2" time="24.69" errors="0" timestamp="2020-12-22T11:37:05 PST">
  <testcase classname="testscripts.AddTaskTest" name="testAddTask" time="3.975"/>
  <testcase classname="testscripts.HomePageTest" name="test2" time="0.461"/>
  <testcase classname="testscripts.HomePageTest" name="testHomePageLoad" time="0.679"/>
</testsuite> <!-- Test2 -->
