<?xml version="1.0" encoding="UTF-8"?>
<!-- Generated by org.testng.reporters.JUnitXMLReporter -->
<testsuite ignored="0" hostname="TS" failures="0" tests="3" name="Test" time="15.763" errors="0" timestamp="2020-12-15T12:14:17 PST">
  <testcase classname="testscripts.HomePageTest" name="test2" time="0.168"/>
  <testcase classname="testscripts.AddTaskTest" name="testAddTask" time="3.403"/>
  <testcase classname="testscripts.HomePageTest" name="testHomePageLoad" time="0.434"/>
</testsuite> <!-- Test -->
