<?xml version="1.0" encoding="UTF-8"?>
<!-- Generated by org.testng.reporters.JUnitXMLReporter -->
<testsuite ignored="0" hostname="TS" failures="0" tests="3" name="Test2" time="16.279" errors="0" timestamp="2020-12-15T12:14:18 PST">
  <testcase classname="testscripts.HomePageTest" name="test2" time="0.337"/>
  <testcase classname="testscripts.AddTaskTest" name="testAddTask" time="3.712"/>
  <testcase classname="testscripts.HomePageTest" name="testHomePageLoad" time="0.564"/>
</testsuite> <!-- Test2 -->
