<?xml version="1.0" encoding="UTF-8"?>
<testsuite xmlns:xsi="http://www.w3.org/2001/XMLSchema-instance" xsi:noNamespaceSchemaLocation="https://maven.apache.org/surefire/maven-surefire-plugin/xsd/surefire-test-report-3.0.xsd" version="3.0" name="TestSuite" time="16.541" tests="6" errors="0" skipped="0" failures="0">
  <properties>
[...]
</properties>
  <testcase name="test2" classname="testscripts.HomePageTest" time="0.088">
    <system-out><![CDATA[In HomePageTest -> test2 with thread Id : 21
]]></system-out>
    <system-err><![CDATA[Starting MSEdgeDriver 87.0.669.0 (9e7154764c4ca8c04be9b3aaa2a33447f6402db7) on port 44295
Only local connections are allowed.
Please see https://chromedriver.chromium.org/security-considerations for suggestions on keeping MSEdgeDriver safe.
MSEdgeDriver was started successfully.
Starting MSEdgeDriver 87.0.669.0 (9e7154764c4ca8c04be9b3aaa2a33447f6402db7) on port 26964
Only local connections are allowed.
Please see https://chromedriver.chromium.org/security-considerations for suggestions on keeping MSSStEtadargrettiDinrgnig veC rh rChsoramofeme.eDrD
irivvere r87 .08.742.800..4828 8(08.98e82 3(8809ae32e3368c03a436e43b65cd3d413640b52dd314390b21334892b54193289205d4-9r2e9f0sd/-branchr-heeadfs/s4/2b8r0a@n{c#h1-7h6e1a}d)s /o4n2 8p0o@r{t# 11786213}1) 
oOnn lpy locaol rcto n2n6e8c0t9io
nOsn alrye  laolclaolw edc.on
nPeclteiaonsse  asreee  ahtltlpso:/w/cehrdo.medr
ivPerl.ecasher omsieuem.o rgh/stetcpusr:i/t/y-cchornosmiedderriavteiorn.sc fhorro msiuugmge.sotriogn/ss eocnu rkieteyp-icnogn sCihdreormaetDriiovnesr  fsoafre .s
uggestions on keeping ChromeDriver safe.
MSEdgeDriver was started successfully.
ChCrhormoemDerDirvievr ewra sw asst asrttaerdt esdu cscuecscsefsuslfluyl.ly
.
Dec. 15, 2020 12:14:05 P.M. org.openqa.selenium.remote.ProtocolHandshake createSession
INFO: Detected dialect: W3C
Dec. 15, 2020 12:14:05 P.M. org.openqa.selenium.remote.ProtocolHandshake createSession
INFO: Detected dialect: W3C
Dec. 15, 2020 12:14:05 P.M. org.openqa.selenium.remote.ProtocolHandshake createSession
INFO: Detected dialect: W3C
Dec. 15, 2020 12:14:05 P.M. org.openqa.selenium.remote.ProtocolHandshake createSession
INFO: Detected dialect: W3C
]]></system-err>
  </testcase>
  <testcase name="test2" classname="testscripts.HomePageTest" time="0.021">
    <system-out><![CDATA[In HomePageTest -> test2 with thread Id : 20
]]></system-out>
  </testcase>
  <testcase name="testHomePageLoad" classname="testscripts.HomePageTest" time="0.014">
    <system-out><![CDATA[In HomePageTest -> test1 with thread Id : 21
]]></system-out>
    <system-err><![CDATA[Dec. 15, 2020 12:14:13 P.M. org.openqa.selenium.remote.ProtocolHandshake createSession
INFO: Detected dialect: W3C
Dec. 15, 2020 12:14:13 P.M. org.openqa.selenium.remote.ProtocolHandshake createSession
INFO: Detected dialect: W3C
]]></system-err>
  </testcase>
  <testcase name="testHomePageLoad" classname="testscripts.HomePageTest" time="0.565">
    <system-out><![CDATA[In HomePageTest -> test1 with thread Id : 20
]]></system-out>
  </testcase>
  <testcase name="testAddTask" classname="testscripts.AddTaskTest" time="3.004">
    <system-out><![CDATA[In AddTaskTest -> test1 with thread Id : 19
]]></system-out>
    <system-err><![CDATA[Starting ChromeDriver 87.0.4280.88 (89e2380a3e36c3464b5dd1302349b1382549290d-refs/branch-heads/4280@{#1761}) on port 25259
Only local connections are allowed.
Please see https://chromedriver.chromium.org/security-considerations for suggestions on keeping ChromeDriver safe.
ChromeDriver was started successfully.
Starting MSEdgeDriver 87.0.669.0 (9e7154764c4ca8c04be9b3aaa2a33447f6402db7) on port 13046
Only local connections are allowed.
Please see https://chromedriver.chromium.org/security-considerations for suggestions on keeping MSEdgeDriver safe.
MSEdgeDriver was started successfully.
]]></system-err>
  </testcase>
  <testcase name="testAddTask" classname="testscripts.AddTaskTest" time="3.711">
    <system-out><![CDATA[In AddTaskTest -> test1 with thread Id : 18
]]></system-out>
  </testcase>
</testsuite>