<?xml version="1.0" encoding="UTF-8"?>
<testng-results ignored="0" total="6" passed="6" failed="0" skipped="0">
  <reporter-output>
  </reporter-output>
  <suite started-at="2020-12-15T12:14:01 PST" name="Suite" finished-at="2020-12-15T12:14:18 PST" duration-ms="16279">
    <groups>
    </groups>
    <test started-at="2020-12-15T12:14:01 PST" name="Test" finished-at="2020-12-15T12:14:17 PST" duration-ms="15763">
      <class name="testscripts.HomePageTest">
        <test-method is-config="true" signature="setup(java.lang.String)[pri:0, instance:testscripts.HomePageTest@57250572]" started-at="2020-12-15T12:14:01 PST" name="setup" finished-at="2020-12-15T12:14:08 PST" duration-ms="6954" status="PASS">
          <params>
            <param index="0">
              <value>
                <![CDATA[chrome]]>
              </value>
            </param>
          </params>
          <reporter-output>
          </reporter-output>
        </test-method> <!-- setup -->
        <test-method signature="test2()[pri:0, instance:testscripts.HomePageTest@57250572]" started-at="2020-12-15T12:14:08 PST" name="test2" finished-at="2020-12-15T12:14:09 PST" duration-ms="168" status="PASS">
          <reporter-output>
          </reporter-output>
        </test-method> <!-- test2 -->
        <test-method is-config="true" signature="teardown()[pri:0, instance:testscripts.HomePageTest@57250572]" started-at="2020-12-15T12:14:09 PST" name="teardown" finished-at="2020-12-15T12:14:09 PST" duration-ms="664" status="PASS">
          <reporter-output>
          </reporter-output>
        </test-method> <!-- teardown -->
        <test-method is-config="true" signature="setup(java.lang.String)[pri:0, instance:testscripts.HomePageTest@57250572]" started-at="2020-12-15T12:14:09 PST" name="setup" finished-at="2020-12-15T12:14:16 PST" duration-ms="6824" status="PASS">
          <params>
            <param index="0">
              <value>
                <![CDATA[chrome]]>
              </value>
            </param>
          </params>
          <reporter-output>
          </reporter-output>
        </test-method> <!-- setup -->
        <test-method signature="testHomePageLoad()[pri:0, instance:testscripts.HomePageTest@57250572]" started-at="2020-12-15T12:14:16 PST" name="testHomePageLoad" finished-at="2020-12-15T12:14:17 PST" duration-ms="434" status="PASS">
          <reporter-output>
          </reporter-output>
        </test-method> <!-- testHomePageLoad -->
        <test-method is-config="true" signature="teardown()[pri:0, instance:testscripts.HomePageTest@57250572]" started-at="2020-12-15T12:14:17 PST" name="teardown" finished-at="2020-12-15T12:14:17 PST" duration-ms="690" status="PASS">
          <reporter-output>
          </reporter-output>
        </test-method> <!-- teardown -->
      </class> <!-- testscripts.HomePageTest -->
      <class name="testscripts.AddTaskTest">
        <test-method is-config="true" signature="setup(java.lang.String)[pri:0, instance:testscripts.AddTaskTest@21b2e768]" started-at="2020-12-15T12:14:01 PST" name="setup" finished-at="2020-12-15T12:14:08 PST" duration-ms="6949" status="PASS">
          <params>
            <param index="0">
              <value>
                <![CDATA[chrome]]>
              </value>
            </param>
          </params>
          <reporter-output>
          </reporter-output>
        </test-method> <!-- setup -->
        <test-method signature="testAddTask()[pri:0, instance:testscripts.AddTaskTest@21b2e768]" started-at="2020-12-15T12:14:08 PST" name="testAddTask" finished-at="2020-12-15T12:14:12 PST" duration-ms="3403" status="PASS">
          <reporter-output>
          </reporter-output>
        </test-method> <!-- testAddTask -->
        <test-method is-config="true" signature="teardown()[pri:0, instance:testscripts.AddTaskTest@21b2e768]" started-at="2020-12-15T12:14:12 PST" name="teardown" finished-at="2020-12-15T12:14:12 PST" duration-ms="671" status="PASS">
          <reporter-output>
          </reporter-output>
        </test-method> <!-- teardown -->
      </class> <!-- testscripts.AddTaskTest -->
    </test> <!-- Test -->
    <test started-at="2020-12-15T12:14:01 PST" name="Test2" finished-at="2020-12-15T12:14:18 PST" duration-ms="16279">
      <class name="testscripts.HomePageTest">
        <test-method is-config="true" signature="setup(java.lang.String)[pri:0, instance:testscripts.HomePageTest@3cc1435c]" started-at="2020-12-15T12:14:01 PST" name="setup" finished-at="2020-12-15T12:14:09 PST" duration-ms="7039" status="PASS">
          <params>
            <param index="0">
              <value>
                <![CDATA[edge]]>
              </value>
            </param>
          </params>
          <reporter-output>
          </reporter-output>
        </test-method> <!-- setup -->
        <test-method signature="test2()[pri:0, instance:testscripts.HomePageTest@3cc1435c]" started-at="2020-12-15T12:14:09 PST" name="test2" finished-at="2020-12-15T12:14:09 PST" duration-ms="337" status="PASS">
          <reporter-output>
          </reporter-output>
        </test-method> <!-- test2 -->
        <test-method is-config="true" signature="teardown()[pri:0, instance:testscripts.HomePageTest@3cc1435c]" started-at="2020-12-15T12:14:09 PST" name="teardown" finished-at="2020-12-15T12:14:10 PST" duration-ms="690" status="PASS">
          <reporter-output>
          </reporter-output>
        </test-method> <!-- teardown -->
        <test-method is-config="true" signature="setup(java.lang.String)[pri:0, instance:testscripts.HomePageTest@3cc1435c]" started-at="2020-12-15T12:14:10 PST" name="setup" finished-at="2020-12-15T12:14:17 PST" duration-ms="6967" status="PASS">
          <params>
            <param index="0">
              <value>
                <![CDATA[edge]]>
              </value>
            </param>
          </params>
          <reporter-output>
          </reporter-output>
        </test-method> <!-- setup -->
        <test-method signature="testHomePageLoad()[pri:0, instance:testscripts.HomePageTest@3cc1435c]" started-at="2020-12-15T12:14:17 PST" name="testHomePageLoad" finished-at="2020-12-15T12:14:17 PST" duration-ms="564" status="PASS">
          <reporter-output>
          </reporter-output>
        </test-method> <!-- testHomePageLoad -->
        <test-method is-config="true" signature="teardown()[pri:0, instance:testscripts.HomePageTest@3cc1435c]" started-at="2020-12-15T12:14:17 PST" name="teardown" finished-at="2020-12-15T12:14:18 PST" duration-ms="655" status="PASS">
          <reporter-output>
          </reporter-output>
        </test-method> <!-- teardown -->
      </class> <!-- testscripts.HomePageTest -->
      <class name="testscripts.AddTaskTest">
        <test-method is-config="true" signature="setup(java.lang.String)[pri:0, instance:testscripts.AddTaskTest@236e3f4e]" started-at="2020-12-15T12:14:01 PST" name="setup" finished-at="2020-12-15T12:14:09 PST" duration-ms="7357" status="PASS">
          <params>
            <param index="0">
              <value>
                <![CDATA[edge]]>
              </value>
            </param>
          </params>
          <reporter-output>
          </reporter-output>
        </test-method> <!-- setup -->
        <test-method signature="testAddTask()[pri:0, instance:testscripts.AddTaskTest@236e3f4e]" started-at="2020-12-15T12:14:09 PST" name="testAddTask" finished-at="2020-12-15T12:14:13 PST" duration-ms="3712" status="PASS">
          <reporter-output>
          </reporter-output>
        </test-method> <!-- testAddTask -->
        <test-method is-config="true" signature="teardown()[pri:0, instance:testscripts.AddTaskTest@236e3f4e]" started-at="2020-12-15T12:14:13 PST" name="teardown" finished-at="2020-12-15T12:14:13 PST" duration-ms="696" status="PASS">
          <reporter-output>
          </reporter-output>
        </test-method> <!-- teardown -->
      </class> <!-- testscripts.AddTaskTest -->
    </test> <!-- Test2 -->
  </suite> <!-- Suite -->
</testng-results>
