<?xml version="1.0" encoding="UTF-8"?>
<testng-results ignored="0" total="6" passed="6" failed="0" skipped="0">
  <reporter-output>
  </reporter-output>
  <suite started-at="2020-12-22T11:36:40 PST" name="Suite" finished-at="2020-12-22T11:37:04 PST" duration-ms="24690">
    <groups>
    </groups>
    <test started-at="2020-12-22T11:36:40 PST" name="Test" finished-at="2020-12-22T11:37:04 PST" duration-ms="23702">
      <class name="testscripts.HomePageTest">
        <test-method is-config="true" signature="setup(java.lang.String)[pri:0, instance:testscripts.HomePageTest@747edf66]" started-at="2020-12-22T11:36:40 PST" name="setup" finished-at="2020-12-22T11:36:55 PST" duration-ms="15611" status="PASS">
          <params>
            <param index="0">
              <value>
                <![CDATA[chrome]]>
              </value>
            </param>
          </params>
          <reporter-output>
          </reporter-output>
        </test-method> <!-- setup -->
        <test-method signature="test2()[pri:0, instance:testscripts.HomePageTest@747edf66]" started-at="2020-12-22T11:36:55 PST" name="test2" finished-at="2020-12-22T11:36:56 PST" duration-ms="171" status="PASS">
          <reporter-output>
          </reporter-output>
        </test-method> <!-- test2 -->
        <test-method is-config="true" signature="teardown()[pri:0, instance:testscripts.HomePageTest@747edf66]" started-at="2020-12-22T11:36:56 PST" name="teardown" finished-at="2020-12-22T11:36:56 PST" duration-ms="658" status="PASS">
          <reporter-output>
          </reporter-output>
        </test-method> <!-- teardown -->
        <test-method is-config="true" signature="setup(java.lang.String)[pri:0, instance:testscripts.HomePageTest@747edf66]" started-at="2020-12-22T11:36:56 PST" name="setup" finished-at="2020-12-22T11:37:02 PST" duration-ms="6147" status="PASS">
          <params>
            <param index="0">
              <value>
                <![CDATA[chrome]]>
              </value>
            </param>
          </params>
          <reporter-output>
          </reporter-output>
        </test-method> <!-- setup -->
        <test-method signature="testHomePageLoad()[pri:0, instance:testscripts.HomePageTest@747edf66]" started-at="2020-12-22T11:37:02 PST" name="testHomePageLoad" finished-at="2020-12-22T11:37:03 PST" duration-ms="407" status="PASS">
          <reporter-output>
          </reporter-output>
        </test-method> <!-- testHomePageLoad -->
        <test-method is-config="true" signature="teardown()[pri:0, instance:testscripts.HomePageTest@747edf66]" started-at="2020-12-22T11:37:03 PST" name="teardown" finished-at="2020-12-22T11:37:04 PST" duration-ms="670" status="PASS">
          <reporter-output>
          </reporter-output>
        </test-method> <!-- teardown -->
      </class> <!-- testscripts.HomePageTest -->
      <class name="testscripts.AddTaskTest">
        <test-method is-config="true" signature="setup(java.lang.String)[pri:0, instance:testscripts.AddTaskTest@55536d9e]" started-at="2020-12-22T11:36:40 PST" name="setup" finished-at="2020-12-22T11:36:56 PST" duration-ms="15811" status="PASS">
          <params>
            <param index="0">
              <value>
                <![CDATA[chrome]]>
              </value>
            </param>
          </params>
          <reporter-output>
          </reporter-output>
        </test-method> <!-- setup -->
        <test-method signature="testAddTask()[pri:0, instance:testscripts.AddTaskTest@55536d9e]" started-at="2020-12-22T11:36:56 PST" name="testAddTask" finished-at="2020-12-22T11:36:59 PST" duration-ms="3211" status="PASS">
          <reporter-output>
          </reporter-output>
        </test-method> <!-- testAddTask -->
        <test-method is-config="true" signature="teardown()[pri:0, instance:testscripts.AddTaskTest@55536d9e]" started-at="2020-12-22T11:36:59 PST" name="teardown" finished-at="2020-12-22T11:37:00 PST" duration-ms="671" status="PASS">
          <reporter-output>
          </reporter-output>
        </test-method> <!-- teardown -->
      </class> <!-- testscripts.AddTaskTest -->
    </test> <!-- Test -->
    <test started-at="2020-12-22T11:36:40 PST" name="Test2" finished-at="2020-12-22T11:37:04 PST" duration-ms="24690">
      <class name="testscripts.HomePageTest">
        <test-method is-config="true" signature="setup(java.lang.String)[pri:0, instance:testscripts.HomePageTest@702b8b12]" started-at="2020-12-22T11:36:40 PST" name="setup" finished-at="2020-12-22T11:36:56 PST" duration-ms="16022" status="PASS">
          <params>
            <param index="0">
              <value>
                <![CDATA[edge]]>
              </value>
            </param>
          </params>
          <reporter-output>
          </reporter-output>
        </test-method> <!-- setup -->
        <test-method signature="test2()[pri:0, instance:testscripts.HomePageTest@702b8b12]" started-at="2020-12-22T11:36:56 PST" name="test2" finished-at="2020-12-22T11:36:56 PST" duration-ms="461" status="PASS">
          <reporter-output>
          </reporter-output>
        </test-method> <!-- test2 -->
        <test-method is-config="true" signature="teardown()[pri:0, instance:testscripts.HomePageTest@702b8b12]" started-at="2020-12-22T11:36:56 PST" name="teardown" finished-at="2020-12-22T11:36:57 PST" duration-ms="676" status="PASS">
          <reporter-output>
          </reporter-output>
        </test-method> <!-- teardown -->
        <test-method is-config="true" signature="setup(java.lang.String)[pri:0, instance:testscripts.HomePageTest@702b8b12]" started-at="2020-12-22T11:36:57 PST" name="setup" finished-at="2020-12-22T11:37:03 PST" duration-ms="6174" status="PASS">
          <params>
            <param index="0">
              <value>
                <![CDATA[edge]]>
              </value>
            </param>
          </params>
          <reporter-output>
          </reporter-output>
        </test-method> <!-- setup -->
        <test-method signature="testHomePageLoad()[pri:0, instance:testscripts.HomePageTest@702b8b12]" started-at="2020-12-22T11:37:03 PST" name="testHomePageLoad" finished-at="2020-12-22T11:37:04 PST" duration-ms="679" status="PASS">
          <reporter-output>
          </reporter-output>
        </test-method> <!-- testHomePageLoad -->
        <test-method is-config="true" signature="teardown()[pri:0, instance:testscripts.HomePageTest@702b8b12]" started-at="2020-12-22T11:37:04 PST" name="teardown" finished-at="2020-12-22T11:37:04 PST" duration-ms="637" status="PASS">
          <reporter-output>
          </reporter-output>
        </test-method> <!-- teardown -->
      </class> <!-- testscripts.HomePageTest -->
      <class name="testscripts.AddTaskTest">
        <test-method is-config="true" signature="setup(java.lang.String)[pri:0, instance:testscripts.AddTaskTest@306f16f3]" started-at="2020-12-22T11:36:40 PST" name="setup" finished-at="2020-12-22T11:36:47 PST" duration-ms="6808" status="PASS">
          <params>
            <param index="0">
              <value>
                <![CDATA[edge]]>
              </value>
            </param>
          </params>
          <reporter-output>
          </reporter-output>
        </test-method> <!-- setup -->
        <test-method signature="testAddTask()[pri:0, instance:testscripts.AddTaskTest@306f16f3]" started-at="2020-12-22T11:36:47 PST" name="testAddTask" finished-at="2020-12-22T11:36:51 PST" duration-ms="3975" status="PASS">
          <reporter-output>
          </reporter-output>
        </test-method> <!-- testAddTask -->
        <test-method is-config="true" signature="teardown()[pri:0, instance:testscripts.AddTaskTest@306f16f3]" started-at="2020-12-22T11:36:51 PST" name="teardown" finished-at="2020-12-22T11:36:51 PST" duration-ms="700" status="PASS">
          <reporter-output>
          </reporter-output>
        </test-method> <!-- teardown -->
      </class> <!-- testscripts.AddTaskTest -->
    </test> <!-- Test2 -->
  </suite> <!-- Suite -->
</testng-results>
