<?xml version="1.0" encoding="UTF-8"?>
<!-- Generated by org.testng.reporters.JUnitReportReporter -->
<testsuite hostname="TS" failures="0" tests="4" name="testscripts.HomePageTest" time="48.313" errors="0" timestamp="2020-12-22T11:37:05 PST" skipped="0">
  <testcase classname="testscripts.HomePageTest" name="testHomePageLoad" time="16.688"/>
  <system-out/>
  <testcase classname="testscripts.HomePageTest" name="test2" time="6.976"/>
  <system-out/>
  <testcase classname="testscripts.HomePageTest" name="testHomePageLoad" time="7.529"/>
  <system-out/>
  <testcase classname="testscripts.HomePageTest" name="test2" time="17.120"/>
  <system-out/>
</testsuite> <!-- testscripts.HomePageTest -->
