<?xml version="1.0" encoding="UTF-8"?>
<!-- Generated by org.testng.reporters.JUnitReportReporter -->
<testsuite skipped="0" hostname="TS" name="base.BaseTest" tests="1" failures="0" timestamp="2020-12-02T16:36:38 PST" time="1.582" errors="1">
  <testcase name="setup" time="1.582" classname="base.BaseTest">
    <error type="org.openqa.selenium.WebDriverException" message="unknown error: cannot find Chrome binary
Build info: version: &#039;3.141.59&#039;, revision: &#039;e82be7d358&#039;, time: &#039;2018-11-14T08:25:48&#039;
System info: host: &#039;TS&#039;, ip: &#039;192.168.1.64&#039;, os.name: &#039;Windows 10&#039;, os.arch: &#039;x86&#039;, os.version: &#039;10.0&#039;, java.version: &#039;1.8.0_271&#039;
Driver info: driver.version: ChromeDriver
remote stacktrace: Backtrace:
	Ordinal0 [0x00A6C0C3+3326147]
	Ordinal0 [0x00950851+2164817]
	Ordinal0 [0x007D7298+619160]
	Ordinal0 [0x0074D6B2+54962]
	Ordinal0 [0x0074C38A+50058]
	Ordinal0 [0x00775F3E+220990]
	Ordinal0 [0x00775CAC+220332]
	Ordinal0 [0x0077189B+202907]
	Ordinal0 [0x00753DF4+81396]
	Ordinal0 [0x00754DEE+85486]
	Ordinal0 [0x00754D79+85369]
	Ordinal0 [0x009685DC+2262492]
	GetHandleVerifier [0x00BF2874+1487204]
	GetHandleVerifier [0x00BF23CD+1486013]
	GetHandleVerifier [0x00BFA368+1518680]
	GetHandleVerifier [0x00BF2F4E+1488958]
	Ordinal0 [0x0095ED0D+2223373]
	Ordinal0 [0x0096A12B+2269483]
	Ordinal0 [0x0096A26F+2269807]
	Ordinal0 [0x0097ECB8+2354360]
	BaseThreadInitThunk [0x766BFA29+25]
	RtlGetAppContainerNamedObjectPath [0x77A975F4+228]
	RtlGetAppContainerNamedObjectPath [0x77A975C4+180]
">
      <![CDATA[org.openqa.selenium.WebDriverException: unknown error: cannot find Chrome binary
Build info: version: '3.141.59', revision: 'e82be7d358', time: '2018-11-14T08:25:48'
System info: host: 'TS', ip: '192.168.1.64', os.name: 'Windows 10', os.arch: 'x86', os.version: '10.0', java.version: '1.8.0_271'
Driver info: driver.version: ChromeDriver
remote stacktrace: Backtrace:
Ordinal0 [0x00A6C0C3+3326147]
Ordinal0 [0x00950851+2164817]
Ordinal0 [0x007D7298+619160]
Ordinal0 [0x0074D6B2+54962]
Ordinal0 [0x0074C38A+50058]
Ordinal0 [0x00775F3E+220990]
Ordinal0 [0x00775CAC+220332]
Ordinal0 [0x0077189B+202907]
Ordinal0 [0x00753DF4+81396]
Ordinal0 [0x00754DEE+85486]
Ordinal0 [0x00754D79+85369]
Ordinal0 [0x009685DC+2262492]
GetHandleVerifier [0x00BF2874+1487204]
GetHandleVerifier [0x00BF23CD+1486013]
GetHandleVerifier [0x00BFA368+1518680]
GetHandleVerifier [0x00BF2F4E+1488958]
Ordinal0 [0x0095ED0D+2223373]
Ordinal0 [0x0096A12B+2269483]
Ordinal0 [0x0096A26F+2269807]
Ordinal0 [0x0097ECB8+2354360]
BaseThreadInitThunk [0x766BFA29+25]
RtlGetAppContainerNamedObjectPath [0x77A975F4+228]
RtlGetAppContainerNamedObjectPath [0x77A975C4+180]

at sun.reflect.NativeConstructorAccessorImpl.newInstance0(Native Method)
at sun.reflect.NativeConstructorAccessorImpl.newInstance(Unknown Source)
at sun.reflect.DelegatingConstructorAccessorImpl.newInstance(Unknown Source)
at java.lang.reflect.Constructor.newInstance(Unknown Source)
at org.openqa.selenium.remote.W3CHandshakeResponse.lambda$errorHandler$0(W3CHandshakeResponse.java:62)
at org.openqa.selenium.remote.HandshakeResponse.lambda$getResponseFunction$0(HandshakeResponse.java:30)
at org.openqa.selenium.remote.ProtocolHandshake.lambda$createSession$0(ProtocolHandshake.java:126)
at java.util.stream.ReferencePipeline$3$1.accept(Unknown Source)
at java.util.Spliterators$ArraySpliterator.tryAdvance(Unknown Source)
at java.util.stream.ReferencePipeline.forEachWithCancel(Unknown Source)
at java.util.stream.AbstractPipeline.copyIntoWithCancel(Unknown Source)
at java.util.stream.AbstractPipeline.copyInto(Unknown Source)
at java.util.stream.AbstractPipeline.wrapAndCopyInto(Unknown Source)
at java.util.stream.FindOps$FindOp.evaluateSequential(Unknown Source)
at java.util.stream.AbstractPipeline.evaluate(Unknown Source)
at java.util.stream.ReferencePipeline.findFirst(Unknown Source)
at org.openqa.selenium.remote.ProtocolHandshake.createSession(ProtocolHandshake.java:128)
at org.openqa.selenium.remote.ProtocolHandshake.createSession(ProtocolHandshake.java:74)
at org.openqa.selenium.remote.HttpCommandExecutor.execute(HttpCommandExecutor.java:136)
at org.openqa.selenium.remote.service.DriverCommandExecutor.execute(DriverCommandExecutor.java:83)
at org.openqa.selenium.remote.RemoteWebDriver.execute(RemoteWebDriver.java:552)
at org.openqa.selenium.remote.RemoteWebDriver.startSession(RemoteWebDriver.java:213)
at org.openqa.selenium.remote.RemoteWebDriver.<init>(RemoteWebDriver.java:131)
at org.openqa.selenium.chrome.ChromeDriver.<init>(ChromeDriver.java:181)
at org.openqa.selenium.chrome.ChromeDriver.<init>(ChromeDriver.java:168)
at org.openqa.selenium.chrome.ChromeDriver.<init>(ChromeDriver.java:123)
at base.BaseTest.setup(BaseTest.java:20)
at sun.reflect.NativeMethodAccessorImpl.invoke0(Native Method)
at sun.reflect.NativeMethodAccessorImpl.invoke(Unknown Source)
at sun.reflect.DelegatingMethodAccessorImpl.invoke(Unknown Source)
at java.lang.reflect.Method.invoke(Unknown Source)
at org.testng.internal.MethodInvocationHelper.invokeMethod(MethodInvocationHelper.java:132)
at org.testng.internal.MethodInvocationHelper.invokeMethodConsideringTimeout(MethodInvocationHelper.java:61)
at org.testng.internal.ConfigInvoker.invokeConfigurationMethod(ConfigInvoker.java:366)
at org.testng.internal.ConfigInvoker.invokeConfigurations(ConfigInvoker.java:320)
at org.testng.SuiteRunner.privateRun(SuiteRunner.java:327)
at org.testng.SuiteRunner.run(SuiteRunner.java:286)
at org.testng.SuiteRunnerWorker.runSuite(SuiteRunnerWorker.java:53)
at org.testng.SuiteRunnerWorker.run(SuiteRunnerWorker.java:96)
at org.testng.TestNG.runSuitesSequentially(TestNG.java:1218)
at org.testng.TestNG.runSuitesLocally(TestNG.java:1140)
at org.testng.TestNG.runSuites(TestNG.java:1069)
at org.testng.TestNG.run(TestNG.java:1037)
at org.testng.remote.AbstractRemoteTestNG.run(AbstractRemoteTestNG.java:115)
at org.testng.remote.RemoteTestNG.initAndRun(RemoteTestNG.java:251)
at org.testng.remote.RemoteTestNG.main(RemoteTestNG.java:77)
]]>
    </error>
  </testcase> <!-- setup -->
  <system-out/>
</testsuite> <!-- base.BaseTest -->
