<?xml version="1.0" encoding="UTF-8"?>
<!-- Generated by org.testng.reporters.JUnitReportReporter -->
<testsuite hostname="TS" failures="0" tests="4" name="testscripts.HomePageTest" time="31.986" errors="0" timestamp="2020-12-15T12:14:18 PST" skipped="0">
  <testcase classname="testscripts.HomePageTest" name="testHomePageLoad" time="8.221"/>
  <system-out/>
  <testcase classname="testscripts.HomePageTest" name="testHomePageLoad" time="7.922"/>
  <system-out/>
  <testcase classname="testscripts.HomePageTest" name="test2" time="7.812"/>
  <system-out/>
  <testcase classname="testscripts.HomePageTest" name="test2" time="8.031"/>
  <system-out/>
</testsuite> <!-- testscripts.HomePageTest -->
